<?xml version="1.0" encoding="UTF-8"?>
<!-- Generated by org.testng.reporters.JUnitReportReporter -->
<testsuite hostname="DESKTOP-PGAU4OF" failures="0" tests="21" name="tests.PracticeFormPageTests" time="160.445" errors="0" timestamp="2021-04-19T00:28:55 CEST" skipped="0">
  <testcase classname="tests.PracticeFormPageTests" name="searchFunctionalityTest" time="15.075"/>
  <system-out/>
  <testcase classname="tests.PracticeFormPageTests" name="subscribeForNewsletter" time="5.525"/>
  <system-out/>
  <testcase classname="tests.PracticeFormPageTests" name="fullPageScreenshot" time="8.812"/>
  <system-out/>
  <testcase classname="tests.PracticeFormPageTests" name="submitEmptyForm" time="4.403"/>
  <system-out/>
  <testcase classname="tests.PracticeFormPageTests" name="dragAndDrop" time="6.043"/>
  <system-out/>
  <testcase classname="tests.PracticeFormPageTests" name="alertBox" time="4.514"/>
  <system-out/>
  <testcase classname="tests.PracticeFormPageTests" name="newBrowserWindow" time="9.051"/>
  <system-out/>
  <testcase classname="tests.PracticeFormPageTests" name="newBrowserTab" time="11.578"/>
  <system-out/>
  <testcase classname="tests.PracticeFormPageTests" name="timingAlert" time="7.273"/>
  <system-out/>
  <testcase classname="tests.PracticeFormPageTests" name="verifyNavLinksText" time="5.143"/>
  <system-out/>
  <testcase classname="tests.PracticeFormPageTests" name="resizeTextarea" time="4.129"/>
  <system-out/>
  <testcase classname="tests.PracticeFormPageTests" name="verifyNavURLs" time="6.677"/>
  <system-out/>
  <testcase classname="tests.PracticeFormPageTests" name="submitFormWithAllFieldsFilledIn" time="10.895"/>
  <system-out/>
  <testcase classname="tests.PracticeFormPageTests" name="clearForm" time="6.674"/>
  <system-out/>
  <testcase classname="tests.PracticeFormPageTests" name="screenshotsOfSpecificElements" time="9.879"/>
  <system-out/>
  <testcase classname="tests.PracticeFormPageTests" name="newMessageWindow" time="6.011"/>
  <system-out/>
  <testcase classname="tests.PracticeFormPageTests" name="waitUntilButtonColorChanges" time="9.423"/>
  <system-out/>
  <testcase classname="tests.PracticeFormPageTests" name="changeColorOnDoubleClick" time="8.565"/>
  <system-out/>
  <testcase classname="tests.PracticeFormPageTests" name="verifyFormPlaceholders" time="6.097"/>
  <system-out/>
  <testcase classname="tests.PracticeFormPageTests" name="screenshotWithTimestamp" time="7.784"/>
  <system-out/>
  <testcase classname="tests.PracticeFormPageTests" name="submitFormWithRequiredFieldsFilledIn" time="6.894"/>
  <system-out/>
</testsuite> <!-- tests.PracticeFormPageTests -->
